#
# A fatal error has been detected by the Java Runtime Environment:
#
#  EXCEPTION_UNCAUGHT_CXX_EXCEPTION (0xe06d7363) at pc=0x7580c42d, pid=4868, tid=4796
#
# JRE version: Java(TM) SE Runtime Environment (8.0_25-b18) (build 1.8.0_25-b18)
# Java VM: Java HotSpot(TM) Client VM (25.25-b02 mixed mode windows-x86 )
# Problematic frame:
# C  [KERNELBASE.dll+0xc42d]
#
# Failed to write core dump. Minidumps are not enabled by default on client versions of Windows
#
# If you would like to submit a bug report, please visit:
#   http://bugreport.sun.com/bugreport/crash.jsp
# The crash happened outside the Java Virtual Machine in native code.
# See problematic frame for where to report the bug.
#

---------------  T H R E A D  ---------------

Current thread (0x0030d000):  JavaThread "main" [_thread_in_native, id=4796, stack(0x003d0000,0x00420000)]

siginfo: ExceptionCode=0xe06d7363, ExceptionInformation=0x19930520 0x0040f700 0x52fb3830 

Registers:
EAX=0x0040f65c, EBX=0x000013ac, ECX=0x00000003, EDX=0x00000000
ESP=0x0040f65c, EBP=0x0040f6ac, ESI=0x0041f7b8, EDI=0x53053a30
EIP=0x7580c42d, EFLAGS=0x00000206

Top of Stack: (sp=0x0040f65c)
0x0040f65c:   e06d7363 00000001 00000000 7580c42d
0x0040f66c:   00000003 19930520 0040f700 52fb3830
0x0040f67c:   00000000 154bab50 0040f764 0040f670
0x0040f68c:   0040f764 00000033 0040f6b4 52de400e
0x0040f69c:   154bab50 154baac0 00000033 0041f7b8
0x0040f6ac:   0040f6e4 5306872d e06d7363 00000001
0x0040f6bc:   00000003 0040f6d8 e06d7363 00000001
0x0040f6cc:   00000000 00000000 00000003 19930520 

Instructions: (pc=0x7580c42d)
0x7580c40d:   02 50 ff 75 14 8d 45 c4 50 e8 57 ad 02 00 83 c4
0x7580c41d:   0c eb 03 89 45 c0 8d 45 b0 50 ff 15 5c 11 80 75
0x7580c42d:   c9 c2 10 00 cc cc cc cc cc 8b ff 55 8b ec 56 8b
0x7580c43d:   75 08 83 fe f4 72 18 83 fe f6 77 13 8d 45 08 50 


Register to memory mapping:

EAX=0x0040f65c is pointing into the stack for thread: 0x0030d000
EBX=0x000013ac is an unknown value
ECX=0x00000003 is an unknown value
EDX=0x00000000 is an unknown value
ESP=0x0040f65c is pointing into the stack for thread: 0x0030d000
EBP=0x0040f6ac is pointing into the stack for thread: 0x0030d000
ESI=0x0041f7b8 is pointing into the stack for thread: 0x0030d000
EDI=0x53053a30 is an unknown value


Stack: [0x003d0000,0x00420000],  sp=0x0040f65c,  free space=253k
Native frames: (J=compiled Java code, j=interpreted, Vv=VM code, C=native code)
C  [KERNELBASE.dll+0xc42d]
C  [msvcr100.dll+0x2872d]
C  [opencv_core2410.dll+0x15c350]
C  [opencv_core2410.dll+0x13b405]
C  [jniopencv_core.dll+0xb29de]
C  0x0041f940

Java frames: (J=compiled Java code, j=interpreted, Vv=VM code)
j  org.bytedeco.javacpp.opencv_core.cvSave(Ljava/lang/String;Lorg/bytedeco/javacpp/Pointer;)V+0
j  de.shenlian.BarcodeMonitor.SimpleBarcodeDetector.main([Ljava/lang/String;)V+331
v  ~StubRoutines::call_stub

---------------  P R O C E S S  ---------------

Java Threads: ( => current thread )
  0x14d09800 JavaThread "AWT-EventQueue-0" [_thread_blocked, id=2556, stack(0x17b70000,0x17bc0000)]
  0x1538b400 JavaThread "AWT-Windows" daemon [_thread_in_native, id=3052, stack(0x17a00000,0x17a50000)]
  0x15386c00 JavaThread "AWT-Shutdown" [_thread_blocked, id=1600, stack(0x171b0000,0x17200000)]
  0x15384400 JavaThread "Java2D Disposer" daemon [_thread_blocked, id=1556, stack(0x17820000,0x17870000)]
  0x14cc7000 JavaThread "Service Thread" daemon [_thread_blocked, id=4364, stack(0x15220000,0x15270000)]
  0x14cc0000 JavaThread "C1 CompilerThread0" daemon [_thread_blocked, id=2096, stack(0x15060000,0x150b0000)]
  0x14cbec00 JavaThread "Attach Listener" daemon [_thread_blocked, id=5548, stack(0x150c0000,0x15110000)]
  0x14cd2800 JavaThread "Signal Dispatcher" daemon [_thread_blocked, id=2540, stack(0x14f40000,0x14f90000)]
  0x14c81c00 JavaThread "Finalizer" daemon [_thread_blocked, id=3920, stack(0x047a0000,0x047f0000)]
  0x14c7cc00 JavaThread "Reference Handler" daemon [_thread_blocked, id=4964, stack(0x046c0000,0x04710000)]
=>0x0030d000 JavaThread "main" [_thread_in_native, id=4796, stack(0x003d0000,0x00420000)]

Other Threads:
  0x14c78800 VMThread [stack: 0x04710000,0x04760000] [id=3408]
  0x14cc8000 WatcherThread [stack: 0x15270000,0x152c0000] [id=1480]

VM state:not at safepoint (normal execution)

VM Mutex/Monitor currently owned by a thread: None

Heap:
 def new generation   total 4928K, used 2813K [0x04800000, 0x04d50000, 0x09d50000)
  eden space 4416K,  52% used [0x04800000, 0x04a3f488, 0x04c50000)
  from space 512K, 100% used [0x04c50000, 0x04cd0000, 0x04cd0000)
  to   space 512K,   0% used [0x04cd0000, 0x04cd0000, 0x04d50000)
 tenured generation   total 10944K, used 2291K [0x09d50000, 0x0a800000, 0x14800000)
   the space 10944K,  20% used [0x09d50000, 0x09f8cea0, 0x09f8d000, 0x0a800000)
 Metaspace       used 7432K, capacity 7577K, committed 7680K, reserved 8576K

Card table byte_map: [0x01e60000,0x01ef0000] byte_map_base: 0x01e3c000

Polling page: 0x000e0000

CodeCache: size=32768Kb used=1245Kb max_used=1245Kb free=31522Kb
 bounds [0x02640000, 0x02778000, 0x04640000]
 total_blobs=619 nmethods=367 adapters=184
 compilation: enabled

Compilation events (10 events):
Event: 12.141 Thread 0x14cc0000  363             com.google.zxing.oned.rss.AbstractRSSReader::isFinderPattern (117 bytes)
Event: 12.141 Thread 0x14cc0000 nmethod 363 0x02775388 code [0x027754a0, 0x027755e0]
Event: 12.141 Thread 0x14cc0000  364             com.google.zxing.qrcode.detector.FinderPatternFinder::foundPatternCross (129 bytes)
Event: 12.141 Thread 0x14cc0000 nmethod 364 0x027756c8 code [0x027757f0, 0x02775ac0]
Event: 12.141 Thread 0x14cc0000  365             com.google.zxing.common.detector.WhiteRectangleDetector::detect (602 bytes)
Event: 12.142 Thread 0x14cc0000 nmethod 365 0x02775c08 code [0x02775dc0, 0x0277666c]
Event: 12.144 Thread 0x14cc0000  366             org.bytedeco.javacpp.ClassProperties::addAll (14 bytes)
Event: 12.144 Thread 0x14cc0000 nmethod 366 0x02776f48 code [0x02777060, 0x027771d8]
Event: 12.153 Thread 0x14cc0000  367             java.util.HashSet::add (20 bytes)
Event: 12.153 Thread 0x14cc0000 nmethod 367 0x02777308 code [0x02777410, 0x027774bc]

GC Heap History (8 events):
Event: 0.172 GC heap before
{Heap before GC invocations=0 (full 0):
 def new generation   total 4928K, used 4416K [0x04800000, 0x04d50000, 0x09d50000)
  eden space 4416K, 100% used [0x04800000, 0x04c50000, 0x04c50000)
  from space 512K,   0% used [0x04c50000, 0x04c50000, 0x04cd0000)
  to   space 512K,   0% used [0x04cd0000, 0x04cd0000, 0x04d50000)
 tenured generation   total 10944K, used 0K [0x09d50000, 0x0a800000, 0x14800000)
   the space 10944K,   0% used [0x09d50000, 0x09d50000, 0x09d50200, 0x0a800000)
 Metaspace       used 2677K, capacity 2696K, committed 2752K, reserved 4480K
Event: 0.174 GC heap after
Heap after GC invocations=1 (full 0):
 def new generation   total 4928K, used 512K [0x04800000, 0x04d50000, 0x09d50000)
  eden space 4416K,   0% used [0x04800000, 0x04800000, 0x04c50000)
  from space 512K, 100% used [0x04cd0000, 0x04d50000, 0x04d50000)
  to   space 512K,   0% used [0x04c50000, 0x04c50000, 0x04cd0000)
 tenured generation   total 10944K, used 614K [0x09d50000, 0x0a800000, 0x14800000)
   the space 10944K,   5% used [0x09d50000, 0x09de9bf8, 0x09de9c00, 0x0a800000)
 Metaspace       used 2677K, capacity 2696K, committed 2752K, reserved 4480K
}
Event: 0.387 GC heap before
{Heap before GC invocations=1 (full 0):
 def new generation   total 4928K, used 4928K [0x04800000, 0x04d50000, 0x09d50000)
  eden space 4416K, 100% used [0x04800000, 0x04c50000, 0x04c50000)
  from space 512K, 100% used [0x04cd0000, 0x04d50000, 0x04d50000)
  to   space 512K,   0% used [0x04c50000, 0x04c50000, 0x04cd0000)
 tenured generation   total 10944K, used 614K [0x09d50000, 0x0a800000, 0x14800000)
   the space 10944K,   5% used [0x09d50000, 0x09de9bf8, 0x09de9c00, 0x0a800000)
 Metaspace       used 3251K, capacity 3272K, committed 3392K, reserved 4480K
Event: 0.389 GC heap after
Heap after GC invocations=2 (full 0):
 def new generation   total 4928K, used 512K [0x04800000, 0x04d50000, 0x09d50000)
  eden space 4416K,   0% used [0x04800000, 0x04800000, 0x04c50000)
  from space 512K, 100% used [0x04c50000, 0x04cd0000, 0x04cd0000)
  to   space 512K,   0% used [0x04cd0000, 0x04cd0000, 0x04d50000)
 tenured generation   total 10944K, used 1239K [0x09d50000, 0x0a800000, 0x14800000)
   the space 10944K,  11% used [0x09d50000, 0x09e85d80, 0x09e85e00, 0x0a800000)
 Metaspace       used 3251K, capacity 3272K, committed 3392K, reserved 4480K
}
Event: 1.054 GC heap before
{Heap before GC invocations=2 (full 0):
 def new generation   total 4928K, used 4928K [0x04800000, 0x04d50000, 0x09d50000)
  eden space 4416K, 100% used [0x04800000, 0x04c50000, 0x04c50000)
  from space 512K, 100% used [0x04c50000, 0x04cd0000, 0x04cd0000)
  to   space 512K,   0% used [0x04cd0000, 0x04cd0000, 0x04d50000)
 tenured generation   total 10944K, used 1239K [0x09d50000, 0x0a800000, 0x14800000)
   the space 10944K,  11% used [0x09d50000, 0x09e85d80, 0x09e85e00, 0x0a800000)
 Metaspace       used 3648K, capacity 3658K, committed 3776K, reserved 4480K
Event: 1.054 GC heap after
Heap after GC invocations=3 (full 0):
 def new generation   total 4928K, used 290K [0x04800000, 0x04d50000, 0x09d50000)
  eden space 4416K,   0% used [0x04800000, 0x04800000, 0x04c50000)
  from space 512K,  56% used [0x04cd0000, 0x04d188e0, 0x04d50000)
  to   space 512K,   0% used [0x04c50000, 0x04c50000, 0x04cd0000)
 tenured generation   total 10944K, used 1345K [0x09d50000, 0x0a800000, 0x14800000)
   the space 10944K,  12% used [0x09d50000, 0x09ea0760, 0x09ea0800, 0x0a800000)
 Metaspace       used 3648K, capacity 3658K, committed 3776K, reserved 4480K
}
Event: 12.098 GC heap before
{Heap before GC invocations=3 (full 0):
 def new generation   total 4928K, used 4609K [0x04800000, 0x04d50000, 0x09d50000)
  eden space 4416K,  97% used [0x04800000, 0x04c37bb0, 0x04c50000)
  from space 512K,  56% used [0x04cd0000, 0x04d188e0, 0x04d50000)
  to   space 512K,   0% used [0x04c50000, 0x04c50000, 0x04cd0000)
 tenured generation   total 10944K, used 1345K [0x09d50000, 0x0a800000, 0x14800000)
   the space 10944K,  12% used [0x09d50000, 0x09ea0760, 0x09ea0800, 0x0a800000)
 Metaspace       used 6882K, capacity 6995K, committed 7040K, reserved 7552K
Event: 12.101 GC heap after
Heap after GC invocations=4 (full 0):
 def new generation   total 4928K, used 512K [0x04800000, 0x04d50000, 0x09d50000)
  eden space 4416K,   0% used [0x04800000, 0x04800000, 0x04c50000)
  from space 512K, 100% used [0x04c50000, 0x04cd0000, 0x04cd0000)
  to   space 512K,   0% used [0x04cd0000, 0x04cd0000, 0x04d50000)
 tenured generation   total 10944K, used 2291K [0x09d50000, 0x0a800000, 0x14800000)
   the space 10944K,  20% used [0x09d50000, 0x09f8cea0, 0x09f8d000, 0x0a800000)
 Metaspace       used 6882K, capacity 6995K, committed 7040K, reserved 7552K
}

Deoptimization events (0 events):
No events

Internal exceptions (10 events):
Event: 12.132 Thread 0x0030d000 Exception <a 'java/security/PrivilegedActionException'> (0x0497bf18) thrown at [C:\re\workspace\8-2-build-windows-i586-cygwin\jdk8u25\1677\hotspot\src\share\vm\prims\jvm.cpp, line 1312]
Event: 12.133 Thread 0x0030d000 Exception <a 'java/security/PrivilegedActionException'> (0x04986238) thrown at [C:\re\workspace\8-2-build-windows-i586-cygwin\jdk8u25\1677\hotspot\src\share\vm\prims\jvm.cpp, line 1312]
Event: 12.133 Thread 0x0030d000 Exception <a 'java/security/PrivilegedActionException'> (0x0498c480) thrown at [C:\re\workspace\8-2-build-windows-i586-cygwin\jdk8u25\1677\hotspot\src\share\vm\prims\jvm.cpp, line 1312]
Event: 12.134 Thread 0x0030d000 Exception <a 'java/security/PrivilegedActionException'> (0x049972d8) thrown at [C:\re\workspace\8-2-build-windows-i586-cygwin\jdk8u25\1677\hotspot\src\share\vm\prims\jvm.cpp, line 1312]
Event: 12.134 Thread 0x0030d000 Exception <a 'java/security/PrivilegedActionException'> (0x0499a8b8) thrown at [C:\re\workspace\8-2-build-windows-i586-cygwin\jdk8u25\1677\hotspot\src\share\vm\prims\jvm.cpp, line 1312]
Event: 12.135 Thread 0x0030d000 Exception <a 'java/security/PrivilegedActionException'> (0x0499dad0) thrown at [C:\re\workspace\8-2-build-windows-i586-cygwin\jdk8u25\1677\hotspot\src\share\vm\prims\jvm.cpp, line 1312]
Event: 12.136 Thread 0x0030d000 Exception <a 'java/security/PrivilegedActionException'> (0x049a63c0) thrown at [C:\re\workspace\8-2-build-windows-i586-cygwin\jdk8u25\1677\hotspot\src\share\vm\prims\jvm.cpp, line 1312]
Event: 12.136 Thread 0x0030d000 Exception <a 'java/security/PrivilegedActionException'> (0x049a9878) thrown at [C:\re\workspace\8-2-build-windows-i586-cygwin\jdk8u25\1677\hotspot\src\share\vm\prims\jvm.cpp, line 1312]
Event: 12.149 Thread 0x0030d000 Exception <a 'java/security/PrivilegedActionException'> (0x049f7940) thrown at [C:\re\workspace\8-2-build-windows-i586-cygwin\jdk8u25\1677\hotspot\src\share\vm\prims\jvm.cpp, line 1312]
Event: 12.150 Thread 0x0030d000 Exception <a 'java/security/PrivilegedActionException'> (0x04a01268) thrown at [C:\re\workspace\8-2-build-windows-i586-cygwin\jdk8u25\1677\hotspot\src\share\vm\prims\jvm.cpp, line 1312]

Events (10 events):
Event: 12.154 loading class java/text/DigitList
Event: 12.154 loading class java/text/DigitList done
Event: 12.154 loading class java/math/RoundingMode
Event: 12.154 loading class java/math/RoundingMode done
Event: 12.154 loading class java/text/DontCareFieldPosition
Event: 12.154 loading class java/text/DontCareFieldPosition done
Event: 12.154 loading class java/text/DontCareFieldPosition$1
Event: 12.154 loading class java/text/Format$FieldDelegate
Event: 12.154 loading class java/text/Format$FieldDelegate done
Event: 12.154 loading class java/text/DontCareFieldPosition$1 done


Dynamic libraries:
0x008a0000 - 0x008d0000 	C:\Program Files (x86)\Java\jdk1.8.0_25\bin\java.exe
0x77ba0000 - 0x77d20000 	C:\Windows\SysWOW64\ntdll.dll
0x758c0000 - 0x759d0000 	C:\Windows\syswow64\kernel32.dll
0x75800000 - 0x75847000 	C:\Windows\syswow64\KERNELBASE.dll
0x75bc0000 - 0x75c60000 	C:\Windows\syswow64\ADVAPI32.dll
0x75c80000 - 0x75d2c000 	C:\Windows\syswow64\msvcrt.dll
0x77190000 - 0x771a9000 	C:\Windows\SysWOW64\sechost.dll
0x76ba0000 - 0x76c90000 	C:\Windows\syswow64\RPCRT4.dll
0x75530000 - 0x75590000 	C:\Windows\syswow64\SspiCli.dll
0x75520000 - 0x7552c000 	C:\Windows\syswow64\CRYPTBASE.dll
0x77080000 - 0x77180000 	C:\Windows\syswow64\USER32.dll
0x76b10000 - 0x76ba0000 	C:\Windows\syswow64\GDI32.dll
0x75c70000 - 0x75c7a000 	C:\Windows\syswow64\LPK.dll
0x76cf0000 - 0x76d8d000 	C:\Windows\syswow64\USP10.dll
0x72580000 - 0x7271e000 	C:\Windows\WinSxS\x86_microsoft.windows.common-controls_6595b64144ccf1df_6.0.7601.17514_none_41e6975e2bd6f2b2\COMCTL32.dll
0x771d0000 - 0x77227000 	C:\Windows\syswow64\SHLWAPI.dll
0x76c90000 - 0x76cf0000 	C:\Windows\system32\IMM32.DLL
0x75d30000 - 0x75dfc000 	C:\Windows\syswow64\MSCTF.dll
0x53040000 - 0x530ff000 	C:\Program Files (x86)\Java\jdk1.8.0_25\jre\bin\msvcr100.dll
0x529a0000 - 0x52d44000 	C:\Program Files (x86)\Java\jdk1.8.0_25\jre\bin\client\jvm.dll
0x72860000 - 0x72867000 	C:\Windows\system32\WSOCK32.dll
0x75880000 - 0x758b5000 	C:\Windows\syswow64\WS2_32.dll
0x75850000 - 0x75856000 	C:\Windows\syswow64\NSI.dll
0x73d50000 - 0x73d82000 	C:\Windows\system32\WINMM.dll
0x75860000 - 0x75865000 	C:\Windows\syswow64\PSAPI.DLL
0x6e830000 - 0x6e83c000 	C:\Program Files (x86)\Java\jdk1.8.0_25\jre\bin\verify.dll
0x52930000 - 0x52951000 	C:\Program Files (x86)\Java\jdk1.8.0_25\jre\bin\java.dll
0x52910000 - 0x52923000 	C:\Program Files (x86)\Java\jdk1.8.0_25\jre\bin\zip.dll
0x75e60000 - 0x76aab000 	C:\Windows\syswow64\SHELL32.dll
0x759d0000 - 0x75b2c000 	C:\Windows\syswow64\ole32.dll
0x75c60000 - 0x75c6b000 	C:\Windows\syswow64\profapi.dll
0x534d0000 - 0x5358e000 	C:\Users\shenlian\AppData\Local\Temp\javacpp1077086361889\msvcr100.dll
0x53460000 - 0x534c9000 	C:\Users\shenlian\AppData\Local\Temp\javacpp1077086361889\msvcp100.dll
0x52de0000 - 0x52fdf000 	C:\Users\shenlian\AppData\Local\Temp\javacpp1077086361889\opencv_core2410.dll
0x52620000 - 0x527a0000 	C:\Users\shenlian\AppData\Local\Temp\javacpp1077086361889\jniopencv_core.dll
0x523b0000 - 0x5261b000 	C:\Users\shenlian\AppData\Local\Temp\javacpp1077086361889\opencv_imgproc2410.dll
0x52d60000 - 0x52de0000 	C:\Users\shenlian\AppData\Local\Temp\javacpp1077086361889\jniopencv_imgproc.dll
0x70fc0000 - 0x71ef6000 	C:\Users\shenlian\AppData\Local\Temp\javacpp1077086361889\opencv_ffmpeg2410.dll
0x521a0000 - 0x523a6000 	C:\Users\shenlian\AppData\Local\Temp\javacpp1077086361889\opencv_highgui2410.dll
0x77710000 - 0x7779f000 	C:\Windows\syswow64\OLEAUT32.dll
0x53760000 - 0x53779000 	C:\Windows\system32\AVIFIL32.dll
0x743e0000 - 0x743f4000 	C:\Windows\system32\MSACM32.dll
0x60620000 - 0x60641000 	C:\Windows\system32\MSVFW32.dll
0x60600000 - 0x60613000 	C:\Windows\system32\AVICAP32.dll
0x75450000 - 0x75459000 	C:\Windows\system32\VERSION.dll
0x52160000 - 0x5219c000 	C:\Users\shenlian\AppData\Local\Temp\javacpp1077086361889\jniopencv_highgui.dll
0x14f90000 - 0x15010000 	C:\Windows\system32\uxtheme.dll
0x5ebb0000 - 0x5ebf0000 	C:\Program Files (x86)\TeamViewer\tv_w32.dll
0x75b30000 - 0x75bb3000 	C:\Windows\syswow64\CLBCatQ.DLL
0x74130000 - 0x74144000 	C:\Windows\SysWOW64\devenum.dll
0x77260000 - 0x773fd000 	C:\Windows\syswow64\setupapi.dll
0x77230000 - 0x77257000 	C:\Windows\syswow64\CFGMGR32.dll
0x776c0000 - 0x776d2000 	C:\Windows\syswow64\DEVOBJ.dll
0x01fe0000 - 0x02001000 	C:\Windows\system32\ntmarta.dll
0x75e10000 - 0x75e55000 	C:\Windows\syswow64\WLDAP32.dll
0x77690000 - 0x776bf000 	C:\Windows\syswow64\WINTRUST.dll
0x77560000 - 0x77681000 	C:\Windows\syswow64\CRYPT32.dll
0x77180000 - 0x7718c000 	C:\Windows\syswow64\MSASN1.dll
0x740f0000 - 0x740fb000 	C:\Windows\system32\msdmo.dll
0x536e0000 - 0x53712000 	C:\Windows\SysWOW64\qcap.dll
0x60480000 - 0x605f7000 	C:\Windows\SysWOW64\quartz.dll
0x6ee90000 - 0x6eea3000 	C:\Windows\system32\dwmapi.dll
0x6ea50000 - 0x6ea83000 	C:\Windows\SysWOW64\ksproxy.ax
0x744a0000 - 0x744a4000 	C:\Windows\SysWOW64\ksuser.dll
0x6bf40000 - 0x6c103000 	C:\Windows\SysWOW64\d3d9.dll
0x6ea90000 - 0x6ea96000 	C:\Windows\SysWOW64\d3d8thk.dll
0x74110000 - 0x7412d000 	C:\Windows\SysWOW64\kswdmcap.ax
0x16040000 - 0x1615c000 	C:\Windows\SysWOW64\MFC42.dll
0x15df0000 - 0x15e7c000 	C:\Windows\SysWOW64\ODBC32.dll
0x02010000 - 0x02048000 	C:\Windows\SysWOW64\odbcint.dll
0x53660000 - 0x536e0000 	C:\Windows\SysWOW64\qedit.dll
0x75780000 - 0x757fb000 	C:\Windows\syswow64\COMDLG32.dll
0x6eb60000 - 0x6ecf0000 	C:\Windows\WinSxS\x86_microsoft.windows.gdiplus_6595b64144ccf1df_1.1.7601.18455_none_72d576ad8665e853\gdiplus.dll
0x60660000 - 0x60747000 	C:\Windows\system32\DDRAW.dll
0x60650000 - 0x60656000 	C:\Windows\system32\DCIMAN32.dll
0x53590000 - 0x5365c000 	C:\Windows\system32\D3DIM700.DLL
0x51c00000 - 0x51ffa000 	C:\Program Files (x86)\K-Lite Codec Pack\Filters\ffdshow\ffdshow.ax
0x53430000 - 0x53455000 	C:\Windows\system32\DINPUT.dll
0x51a40000 - 0x51bf2000 	C:\Program Files (x86)\K-Lite Codec Pack\Filters\vsfilter.dll
0x151c0000 - 0x15211000 	C:\Windows\system32\WINSPOOL.DRV
0x755a0000 - 0x75775000 	C:\Windows\syswow64\WININET.dll
0x75e00000 - 0x75e04000 	C:\Windows\syswow64\api-ms-win-downlevel-user32-l1-1-0.dll
0x77070000 - 0x77074000 	C:\Windows\syswow64\api-ms-win-downlevel-shlwapi-l1-1-0.dll
0x75870000 - 0x75874000 	C:\Windows\syswow64\api-ms-win-downlevel-version-l1-1-0.dll
0x77b70000 - 0x77b73000 	C:\Windows\syswow64\api-ms-win-downlevel-normaliz-l1-1-0.dll
0x76d90000 - 0x76d93000 	C:\Windows\syswow64\normaliz.DLL
0x76e30000 - 0x77062000 	C:\Windows\syswow64\iertutil.dll
0x75590000 - 0x75595000 	C:\Windows\syswow64\api-ms-win-downlevel-advapi32-l1-1-0.dll
0x771b0000 - 0x771c7000 	C:\Windows\syswow64\USERENV.dll
0x6edf0000 - 0x6ee29000 	C:\Windows\system32\MMDevAPI.DLL
0x6f110000 - 0x6f205000 	C:\Windows\system32\PROPSYS.dll
0x744b0000 - 0x744e0000 	C:\Windows\system32\wdmaud.drv
0x74490000 - 0x74497000 	C:\Windows\system32\AVRT.dll
0x6ee30000 - 0x6ee66000 	C:\Windows\system32\AUDIOSES.DLL
0x74470000 - 0x74478000 	C:\Windows\system32\msacm32.drv
0x743d0000 - 0x743d7000 	C:\Windows\system32\midimap.dll
0x52120000 - 0x52131000 	C:\Windows\system32\vfwwdm32.dll
0x744e0000 - 0x744e9000 	C:\Windows\SysWOW64\vidcap.ax
0x527a0000 - 0x528e6000 	C:\Program Files (x86)\Java\jdk1.8.0_25\jre\bin\awt.dll
0x52030000 - 0x52068000 	C:\Program Files (x86)\Java\jdk1.8.0_25\jre\bin\fontmanager.dll
0x17dc0000 - 0x17eab000 	C:\Windows\system32\dbghelp.dll

VM Arguments:
java_command: de.shenlian.BarcodeMonitor.SimpleBarcodeDetector
java_class_path (initial): C:\Software\BarcodeMonitor\target\classes;C:\Users\shenlian\.m2\repository\com\google\zxing\javase\3.2.0\javase-3.2.0.jar;C:\Users\shenlian\.m2\repository\com\google\zxing\core\3.2.0\core-3.2.0.jar;C:\Users\shenlian\.m2\repository\org\bytedeco\javacv\0.10\javacv-0.10.jar;C:\Users\shenlian\.m2\repository\org\bytedeco\javacpp\0.10\javacpp-0.10.jar;C:\Users\shenlian\.m2\repository\org\bytedeco\javacpp-presets\opencv\2.4.10-0.10\opencv-2.4.10-0.10.jar;C:\Users\shenlian\.m2\repository\org\bytedeco\javacpp-presets\ffmpeg\2.5.1-0.10\ffmpeg-2.5.1-0.10.jar;C:\Users\shenlian\.m2\repository\org\bytedeco\javacpp-presets\flycapture\2.7.3.13-0.10\flycapture-2.7.3.13-0.10.jar;C:\Users\shenlian\.m2\repository\org\bytedeco\javacpp-presets\libdc1394\2.2.2-0.10\libdc1394-2.2.2-0.10.jar;C:\Users\shenlian\.m2\repository\org\bytedeco\javacpp-presets\libfreenect\0.5.1-0.10\libfreenect-0.5.1-0.10.jar;C:\Users\shenlian\.m2\repository\org\bytedeco\javacpp-presets\videoinput\0.200-0.10\videoinput-0.200-0.10.jar;C:\Users\shenlian\.m2\repository\org\bytedeco\javacpp-presets\artoolkitplus\2.3.1-0.10\artoolkitplus-2.3.1-0.10.jar;C:\Users\shenlian\.m2\repository\org\bytedeco\javacpp-presets\flandmark\1.07-0.10\flandmark-1.07-0.10.jar;C:\Users\shenlian\.m2\repository\org\bytedeco\javacpp-presets\opencv\2.4.10-0.10\opencv-2.4.10-0.10-windows-x86.jar
Launcher Type: SUN_STANDARD

Environment Variables:
JAVA_HOME=C:\Program Files (x86)\Java\jdk1.8.0_25
PATH=C:\ProgramData\Oracle\Java\javapath;C:\Program Files (x86)\Intel\iCLS Client\;C:\Program Files\Intel\iCLS Client\;C:\Windows\system32;C:\Windows;C:\Windows\System32\Wbem;C:\Windows\System32\WindowsPowerShell\v1.0\;C:\Program Files (x86)\Intel\OpenCL SDK\3.0\bin\x86;C:\Program Files (x86)\Intel\OpenCL SDK\3.0\bin\x64;C:\Program Files\Intel\Intel(R) Management Engine Components\DAL;C:\Program Files\Intel\Intel(R) Management Engine Components\IPT;C:\Program Files (x86)\Intel\Intel(R) Management Engine Components\DAL;C:\Program Files (x86)\Intel\Intel(R) Management Engine Components\IPT; C:\Software\android-studio\sdk\platform-tools;C:\Program Files\nodejs\;C:\Program Files (x86)\Git\cmd;C:\Program Files (x86)\Java\jdk1.8.0_25\bin;C:\Software\apache-ant-1.9.4\bin;C:\Software\android-studio\sdk\platform-tools;C:\Software\android-studio\sdk\tools;C:\Program Files (x86)\Skype\Phone\;C:\Software\npm
USERNAME=shenlian
OS=Windows_NT
PROCESSOR_IDENTIFIER=Intel64 Family 6 Model 60 Stepping 3, GenuineIntel



---------------  S Y S T E M  ---------------

OS: Windows 7 , 64 bit Build 7601 Service Pack 1

CPU:total 4 (4 cores per cpu, 1 threads per core) family 6 model 60 stepping 3, cmov, cx8, fxsr, mmx, sse, sse2, sse3, ssse3, sse4.1, sse4.2, popcnt, avx, avx2, aes, clmul, erms, rtm, lzcnt, tsc, tscinvbit, bmi1, bmi2

Memory: 4k page, physical 8058316k(5198560k free), swap 16114776k(13094184k free)

vm_info: Java HotSpot(TM) Client VM (25.25-b02) for windows-x86 JRE (1.8.0_25-b18), built on Oct  7 2014 14:31:05 by "java_re" with MS VC++ 10.0 (VS2010)

time: Thu Mar 26 22:14:43 2015
elapsed time: 12 seconds (0d 0h 0m 12s)

